INFO (20/11/2023 01:01:28): Программа была запущена
ERROR (20/11/2023 01:01:33): Пользователь ввёл некорректное значение
INFO (20/11/2023 01:01:38): Промежуток для загадывания числа: от 1 до 7
ERROR (20/11/2023 01:01:42): Пользователь ввёл некорректное значение
INFO (20/11/2023 01:01:44): Количество попыток: 3
INFO (20/11/2023 01:01:44): Программа загадала число 3
INFO (20/11/2023 01:01:45): Пользователь ввел число 5
INFO (20/11/2023 01:01:45): Пользователь не угадал число
INFO (20/11/2023 01:01:45): Количество оставшихся попыток: 2
INFO (20/11/2023 01:01:47): Пользователь ввел число 2
INFO (20/11/2023 01:01:47): Пользователь не угадал число
INFO (20/11/2023 01:01:47): Количество оставшихся попыток: 1
INFO (20/11/2023 01:01:48): Пользователь ввел число 3
INFO (20/11/2023 01:01:48): Пользователь угадал число. Загаданное число - 3
INFO (20/11/2023 01:01:48): Программа была завершена



INFO (20/11/2023 01:02:03): Программа была запущена
INFO (20/11/2023 01:02:08): Промежуток для загадывания числа: от 1 до 10
INFO (20/11/2023 01:02:08): Количество попыток: 5
INFO (20/11/2023 01:02:08): Программа загадала число 1
INFO (20/11/2023 01:02:11): Пользователь ввел число 3
INFO (20/11/2023 01:02:11): Пользователь не угадал число
INFO (20/11/2023 01:02:11): Количество оставшихся попыток: 4
INFO (20/11/2023 01:02:14): Пользователь ввел число 1
INFO (20/11/2023 01:02:14): Пользователь угадал число. Загаданное число - 1
INFO (20/11/2023 01:02:14): Программа была завершена



